#
# A fatal error has been detected by the Java Runtime Environment:
#
#  EXCEPTION_ACCESS_VIOLATION (0xc0000005) at pc=0x0000000053566c70, pid=1468, tid=6932
#
# JRE version: Java(TM) SE Runtime Environment (8.0_60-b27) (build 1.8.0_60-b27)
# Java VM: Java HotSpot(TM) 64-Bit Server VM (25.60-b23 mixed mode windows-amd64 compressed oops)
# Problematic frame:
# C  [atio6axx.dll+0xe96c70]
#
# Failed to write core dump. Minidumps are not enabled by default on client versions of Windows
#
# If you would like to submit a bug report, please visit:
#   http://bugreport.java.com/bugreport/crash.jsp
# The crash happened outside the Java Virtual Machine in native code.
# See problematic frame for where to report the bug.
#

---------------  T H R E A D  ---------------

Current thread (0x00000000237a7800):  JavaThread "Thread-3" [_thread_in_native, id=6932, stack(0x0000000029350000,0x0000000029450000)]

siginfo: ExceptionCode=0xc0000005, writing address 0x00000000000001a0

Registers:
RAX=0x0000000000000000, RBX=0x00000000261769d0, RCX=0x00000000223050fc, RDX=0x0000000080018003
RSP=0x000000002944e720, RBP=0x0000000000000000, RSI=0x0000000000000000, RDI=0x00000000262c0cb0
R8 =0x0000000000000006, R9 =0x0000000000040000, R10=0x00000000262c0cb0, R11=0x00000000010e0000
R12=0x0000000022305000, R13=0x0000000000000001, R14=0x0000000000000000, R15=0x000000000000051c
RIP=0x0000000053566c70, EFLAGS=0x0000000000010206

Top of Stack: (sp=0x000000002944e720)
0x000000002944e720:   00000000262c0cb0 0000000000000000
0x000000002944e730:   0000000001107ff8 00000000010e0000
0x000000002944e740:   0000000000000002 0000000000000000
0x000000002944e750:   0000000000000000 0000000000000000
0x000000002944e760:   0000000000000000 0000000000000000
0x000000002944e770:   0000000000000001 00000000261769d0
0x000000002944e780:   000000005359f2e0 00000000262c0cb0
0x000000002944e790:   00000000261a7680 000000005356765c
0x000000002944e7a0:   0000000000000000 000000002944e8f1
0x000000002944e7b0:   0000000022305000 00000000261ab290
0x000000002944e7c0:   0000000000000000 0000000000000000
0x000000002944e7d0:   0000000000000000 0000000000000000
0x000000002944e7e0:   0000000000000001 0000000022de03d0
0x000000002944e7f0:   00000000261769d0 00000000535e2ade
0x000000002944e800:   00000000261769d0 00000000262abde0
0x000000002944e810:   0000000077b74f34 0000000022ea3230 

Instructions: (pc=0x0000000053566c70)
0x0000000053566c50:   11 48 8b cf 40 38 b7 ed 04 00 00 0f 84 52 01 00
0x0000000053566c60:   00 e8 ca e3 f7 ff 8b 87 90 04 00 00 48 8b 6f 18
0x0000000053566c70:   89 85 a0 01 00 00 8b 47 10 89 85 a4 01 00 00 4c
0x0000000053566c80:   8b b7 f8 04 00 00 8b 8f 00 05 00 00 4d 85 f6 0f 


Register to memory mapping:

RAX=0x0000000000000000 is an unknown value
RBX=0x00000000261769d0 is an unknown value
RCX=0x00000000223050fc is an unknown value
RDX=0x0000000080018003 is an unknown value
RSP=0x000000002944e720 is pointing into the stack for thread: 0x00000000237a7800
RBP=0x0000000000000000 is an unknown value
RSI=0x0000000000000000 is an unknown value
RDI=0x00000000262c0cb0 is an unknown value
R8 =0x0000000000000006 is an unknown value
R9 =0x0000000000040000 is an unknown value
R10=0x00000000262c0cb0 is an unknown value
R11=0x00000000010e0000 is an unknown value
R12=0x0000000022305000 is an unknown value
R13=0x0000000000000001 is an unknown value
R14=0x0000000000000000 is an unknown value
R15=0x000000000000051c is an unknown value


Stack: [0x0000000029350000,0x0000000029450000],  sp=0x000000002944e720,  free space=1017k
Native frames: (J=compiled Java code, j=interpreted, Vv=VM code, C=native code)

Java frames: (J=compiled Java code, j=interpreted, Vv=VM code)
j  org.lwjgl.glfw.GLFW.glfwMakeContextCurrent(J)V+0
j  sketchwars.OpenGL.init(Z)V+214
j  sketchwars.MultiplayerSketchWars.init()V+27
j  sketchwars.MultiplayerSketchWars.<init>(Lnetwork/Peer;)V+10
j  network.ClientRunnable.handleStart(Lpackets/PacketStart;)V+141
j  network.ClientRunnable.run()V+113
j  java.lang.Thread.run()V+11
v  ~StubRoutines::call_stub

---------------  P R O C E S S  ---------------

Java Threads: ( => current thread )
  0x000000002368b000 JavaThread "Thread-4" [_thread_in_native, id=6284, stack(0x0000000029490000,0x0000000029590000)]
=>0x00000000237a7800 JavaThread "Thread-3" [_thread_in_native, id=6932, stack(0x0000000029350000,0x0000000029450000)]
  0x0000000023608000 JavaThread "AWT-Windows" daemon [_thread_in_native, id=6560, stack(0x0000000025380000,0x0000000025480000)]
  0x0000000023607800 JavaThread "AWT-Shutdown" [_thread_blocked, id=3616, stack(0x0000000025250000,0x0000000025350000)]
  0x000000002354a000 JavaThread "Java2D Disposer" daemon [_thread_blocked, id=4988, stack(0x0000000023e20000,0x0000000023f20000)]
  0x000000001d751000 JavaThread "Service Thread" daemon [_thread_blocked, id=6420, stack(0x000000001f530000,0x000000001f630000)]
  0x000000001d6cd000 JavaThread "C1 CompilerThread3" daemon [_thread_blocked, id=6036, stack(0x000000001ede0000,0x000000001eee0000)]
  0x000000001c82f800 JavaThread "C2 CompilerThread2" daemon [_thread_blocked, id=6308, stack(0x000000001f340000,0x000000001f440000)]
  0x000000001c82e800 JavaThread "C2 CompilerThread1" daemon [_thread_blocked, id=4184, stack(0x000000001f120000,0x000000001f220000)]
  0x000000001d6b8000 JavaThread "C2 CompilerThread0" daemon [_thread_blocked, id=7148, stack(0x000000001eee0000,0x000000001efe0000)]
  0x000000001d6b4800 JavaThread "Attach Listener" daemon [_thread_blocked, id=6336, stack(0x000000001ece0000,0x000000001ede0000)]
  0x000000001d6b3000 JavaThread "Signal Dispatcher" daemon [_thread_blocked, id=6136, stack(0x000000001eb10000,0x000000001ec10000)]
  0x000000001c81c000 JavaThread "Finalizer" daemon [_thread_blocked, id=6880, stack(0x000000001e990000,0x000000001ea90000)]
  0x000000001c814800 JavaThread "Reference Handler" daemon [_thread_blocked, id=6864, stack(0x000000001e860000,0x000000001e960000)]
  0x000000000047f800 JavaThread "main" [_thread_in_native, id=4824, stack(0x0000000002410000,0x0000000002510000)]

Other Threads:
  0x000000001d660800 VMThread [stack: 0x000000001e700000,0x000000001e800000] [id=4508]
  0x000000001d718800 WatcherThread [stack: 0x000000001f240000,0x000000001f340000] [id=6800]

VM state:not at safepoint (normal execution)

VM Mutex/Monitor currently owned by a thread: None

Heap:
 PSYoungGen      total 76288K, used 31749K [0x000000076af80000, 0x0000000774480000, 0x00000007c0000000)
  eden space 65536K, 42% used [0x000000076af80000,0x000000076ca866d0,0x000000076ef80000)
  from space 10752K, 37% used [0x000000076ef80000,0x000000076f37ae80,0x000000076fa00000)
  to   space 10752K, 0% used [0x0000000773a00000,0x0000000773a00000,0x0000000774480000)
 ParOldGen       total 175104K, used 48668K [0x00000006c0e00000, 0x00000006cb900000, 0x000000076af80000)
  object space 175104K, 27% used [0x00000006c0e00000,0x00000006c3d87320,0x00000006cb900000)
 Metaspace       used 12735K, capacity 12934K, committed 13056K, reserved 1060864K
  class space    used 1157K, capacity 1255K, committed 1280K, reserved 1048576K

Card table byte_map: [0x0000000011ba0000,0x00000000123a0000] byte_map_base: 0x000000000e599000

Marking Bits: (ParMarkBitMap*) 0x0000000054aba5b0
 Begin Bits: [0x00000000136a0000, 0x0000000017668000)
 End Bits:   [0x0000000017668000, 0x000000001b630000)

Polling page: 0x0000000000430000

CodeCache: size=245760Kb used=2922Kb max_used=2926Kb free=242837Kb
 bounds [0x00000000027e0000, 0x0000000002ac0000, 0x00000000117e0000]
 total_blobs=1490 nmethods=723 adapters=680
 compilation: enabled

Compilation events (10 events):
Event: 1.118 Thread 0x000000001d6cd000 nmethod 719 0x0000000002ab9f50 code [0x0000000002aba0c0, 0x0000000002aba308]
Event: 1.118 Thread 0x000000001d6cd000  721       3       java.lang.reflect.Field::getInt (51 bytes)
Event: 1.118 Thread 0x000000001d6b8000 nmethod 714 0x0000000002abd090 code [0x0000000002abd1e0, 0x0000000002abd2d8]
Event: 1.119 Thread 0x000000001d6cd000 nmethod 721 0x0000000002abc690 code [0x0000000002abc860, 0x0000000002abcea8]
Event: 1.135 Thread 0x000000001d6cd000  722       3       org.lwjgl.system.Checks::checkFunctionAddress (18 bytes)
Event: 1.135 Thread 0x000000001d6cd000 nmethod 722 0x0000000002abc210 code [0x0000000002abc380, 0x0000000002abc5c8]
Event: 1.135 Thread 0x000000001d6cd000  723       3       java.util.ArrayList$Itr::hasNext (20 bytes)
Event: 1.135 Thread 0x000000001d6cd000 nmethod 723 0x0000000002abbe10 code [0x0000000002abbf80, 0x0000000002abc150]
Event: 1.144 Thread 0x000000001d6cd000  724       3       org.lwjgl.opengl.GL11::getInstance (13 bytes)
Event: 1.144 Thread 0x000000001d6cd000 nmethod 724 0x0000000002abb4d0 code [0x0000000002abb680, 0x0000000002abbc08]

GC Heap History (2 events):
Event: 0.655 GC heap before
{Heap before GC invocations=1 (full 0):
 PSYoungGen      total 76288K, used 52086K [0x000000076af80000, 0x0000000770480000, 0x00000007c0000000)
  eden space 65536K, 79% used [0x000000076af80000,0x000000076e25daf8,0x000000076ef80000)
  from space 10752K, 0% used [0x000000076fa00000,0x000000076fa00000,0x0000000770480000)
  to   space 10752K, 0% used [0x000000076ef80000,0x000000076ef80000,0x000000076fa00000)
 ParOldGen       total 175104K, used 0K [0x00000006c0e00000, 0x00000006cb900000, 0x000000076af80000)
  object space 175104K, 0% used [0x00000006c0e00000,0x00000006c0e00000,0x00000006cb900000)
 Metaspace       used 11626K, capacity 11766K, committed 12160K, reserved 1060864K
  class space    used 1027K, capacity 1087K, committed 1152K, reserved 1048576K
Event: 0.673 GC heap after
Heap after GC invocations=1 (full 0):
 PSYoungGen      total 76288K, used 4075K [0x000000076af80000, 0x0000000774480000, 0x00000007c0000000)
  eden space 65536K, 0% used [0x000000076af80000,0x000000076af80000,0x000000076ef80000)
  from space 10752K, 37% used [0x000000076ef80000,0x000000076f37ae80,0x000000076fa00000)
  to   space 10752K, 0% used [0x0000000773a00000,0x0000000773a00000,0x0000000774480000)
 ParOldGen       total 175104K, used 48668K [0x00000006c0e00000, 0x00000006cb900000, 0x000000076af80000)
  object space 175104K, 27% used [0x00000006c0e00000,0x00000006c3d87320,0x00000006cb900000)
 Metaspace       used 11626K, capacity 11766K, committed 12160K, reserved 1060864K
  class space    used 1027K, capacity 1087K, committed 1152K, reserved 1048576K
}

Deoptimization events (9 events):
Event: 0.371 Thread 0x000000000047f800 Uncommon trap: reason=unstable_if action=reinterpret pc=0x00000000029914cc method=sun.misc.MetaIndex.mayContain(Ljava/lang/String;)Z @ 13
Event: 0.532 Thread 0x000000000047f800 Uncommon trap: reason=unstable_if action=reinterpret pc=0x00000000029c2364 method=java.lang.String.indexOf([CII[CIII)I @ 134
Event: 0.676 Thread 0x000000000047f800 Uncommon trap: reason=unstable_if action=reinterpret pc=0x0000000002a0d148 method=java.awt.image.ComponentColorModel.getRGB(Ljava/lang/Object;)I @ 4
Event: 0.676 Thread 0x000000000047f800 Uncommon trap: reason=unstable_if action=reinterpret pc=0x0000000002a0b8dc method=java.awt.image.ComponentColorModel.getAlpha(Ljava/lang/Object;)I @ 4
Event: 0.676 Thread 0x000000000047f800 Uncommon trap: reason=unstable_if action=reinterpret pc=0x0000000002a0941c method=java.awt.image.ComponentColorModel.extractComponent(Ljava/lang/Object;II)I @ 4
Event: 0.678 Thread 0x000000000047f800 Uncommon trap: reason=class_check action=maybe_recompile pc=0x0000000002a5a65c method=java.awt.image.BufferedImage.getRGB(IIII[III)[I @ 202
Event: 0.678 Thread 0x000000000047f800 Uncommon trap: reason=class_check action=maybe_recompile pc=0x0000000002a5a65c method=java.awt.image.BufferedImage.getRGB(IIII[III)[I @ 202
Event: 0.678 Thread 0x000000000047f800 Uncommon trap: reason=class_check action=maybe_recompile pc=0x0000000002a5a65c method=java.awt.image.BufferedImage.getRGB(IIII[III)[I @ 202
Event: 0.678 Thread 0x000000000047f800 Uncommon trap: reason=class_check action=maybe_recompile pc=0x0000000002a5a65c method=java.awt.image.BufferedImage.getRGB(IIII[III)[I @ 202

Internal exceptions (10 events):
Event: 0.392 Thread 0x000000000047f800 Exception <a 'java/lang/NoSuchFieldError': method resolution failed> (0x000000076bd03e48) thrown at [C:\re\workspace\8-2-build-windows-amd64-cygwin\jdk8u60\4407\hotspot\src\share\vm\prims\methodHandles.cpp, line 1146]
Event: 0.472 Thread 0x000000000047f800 Exception <a 'java/io/FileNotFoundException'> (0x000000076be89920) thrown at [C:\re\workspace\8-2-build-windows-amd64-cygwin\jdk8u60\4407\hotspot\src\share\vm\prims\jni.cpp, line 709]
Event: 0.674 Thread 0x000000001c81c000 Exception <a 'java/lang/NullPointerException'> (0x000000076c5e58c8) thrown at [C:\re\workspace\8-2-build-windows-amd64-cygwin\jdk8u60\4407\hotspot\src\share\vm\interpreter\linkResolver.cpp, line 1178]
Event: 0.674 Thread 0x000000001c81c000 Exception <a 'java/lang/NullPointerException'> (0x000000076c5e5ad0) thrown at [C:\re\workspace\8-2-build-windows-amd64-cygwin\jdk8u60\4407\hotspot\src\share\vm\interpreter\linkResolver.cpp, line 1178]
Event: 0.674 Thread 0x000000001c81c000 Exception <a 'java/lang/NullPointerException'> (0x000000076c5e5cd8) thrown at [C:\re\workspace\8-2-build-windows-amd64-cygwin\jdk8u60\4407\hotspot\src\share\vm\interpreter\linkResolver.cpp, line 1178]
Event: 0.674 Thread 0x000000001c81c000 Exception <a 'java/lang/NullPointerException'> (0x000000076c5e5ee0) thrown at [C:\re\workspace\8-2-build-windows-amd64-cygwin\jdk8u60\4407\hotspot\src\share\vm\interpreter\linkResolver.cpp, line 1178]
Event: 1.081 Thread 0x000000000047f800 Exception <a 'java/net/BindException': Address already in use: JVM_Bind> (0x000000076c762750) thrown at [C:\re\workspace\8-2-build-windows-amd64-cygwin\jdk8u60\4407\hotspot\src\share\vm\prims\jni.cpp, line 735]
Event: 1.084 Thread 0x00000000237a7800 Exception <a 'java/lang/NullPointerException'> (0x000000076c867ff8) thrown at [C:\re\workspace\8-2-build-windows-amd64-cygwin\jdk8u60\4407\hotspot\src\share\vm\interpreter\linkResolver.cpp, line 1178]
Event: 1.085 Thread 0x00000000236cd000 Exception <a 'java/net/BindException': Address already in use: Cannot bind> (0x000000076c8d4200) thrown at [C:\re\workspace\8-2-build-windows-amd64-cygwin\jdk8u60\4407\hotspot\src\share\vm\prims\jni.cpp, line 735]
Event: 1.103 Thread 0x00000000237a7800 Exception <a 'java/lang/NoSuchMethodError': <clinit>> (0x000000076c964d78) thrown at [C:\re\workspace\8-2-build-windows-amd64-cygwin\jdk8u60\4407\hotspot\src\share\vm\prims\jni.cpp, line 1591]

Events (10 events):
Event: 1.115 loading class sketchwars/MultiplayerSketchWars
Event: 1.115 loading class sketchwars/MultiplayerSketchWars done
Event: 1.115 loading class java/net/DatagramPacket$1
Event: 1.115 loading class java/net/DatagramPacket$1 done
Event: 1.116 loading class sketchwars/game/SketchWarsWorld
Event: 1.116 loading class sketchwars/game/SketchWarsWorld done
Event: 1.116 loading class sketchwars/game/World
Event: 1.116 loading class sketchwars/game/World done
Event: 1.117 loading class sketchwars/game/MultiplayerWorld
Event: 1.117 loading class sketchwars/game/MultiplayerWorld done


Dynamic libraries:
0x000000013f880000 - 0x000000013f8b7000 	C:\Program Files\Java\jdk1.8.0_60\jre\bin\java.exe
0x0000000077430000 - 0x00000000775d9000 	C:\Windows\SYSTEM32\ntdll.dll
0x0000000077210000 - 0x000000007732f000 	C:\Windows\system32\kernel32.dll
0x000007fefd570000 - 0x000007fefd5db000 	C:\Windows\system32\KERNELBASE.dll
0x000007fefeeb0000 - 0x000007fefef8b000 	C:\Windows\system32\ADVAPI32.dll
0x000007fefef90000 - 0x000007feff02f000 	C:\Windows\system32\msvcrt.dll
0x000007fefee80000 - 0x000007fefee9f000 	C:\Windows\SYSTEM32\sechost.dll
0x000007fefeb70000 - 0x000007fefec9d000 	C:\Windows\system32\RPCRT4.dll
0x0000000077330000 - 0x000000007742a000 	C:\Windows\system32\USER32.dll
0x000007fefd640000 - 0x000007fefd6a7000 	C:\Windows\system32\GDI32.dll
0x000007feff450000 - 0x000007feff45e000 	C:\Windows\system32\LPK.dll
0x000007fefd6d0000 - 0x000007fefd799000 	C:\Windows\system32\USP10.dll
0x000007fefb9e0000 - 0x000007fefbbd4000 	C:\Windows\WinSxS\amd64_microsoft.windows.common-controls_6595b64144ccf1df_6.0.7601.17514_none_fa396087175ac9ac\COMCTL32.dll
0x000007feff140000 - 0x000007feff1b1000 	C:\Windows\system32\SHLWAPI.dll
0x000007fefe800000 - 0x000007fefe82e000 	C:\Windows\system32\IMM32.DLL
0x000007feff030000 - 0x000007feff139000 	C:\Windows\system32\MSCTF.dll
0x0000000057610000 - 0x00000000576e2000 	C:\Program Files\Java\jdk1.8.0_60\jre\bin\msvcr100.dll
0x00000000542b0000 - 0x0000000054b39000 	C:\Program Files\Java\jdk1.8.0_60\jre\bin\server\jvm.dll
0x000007fef84d0000 - 0x000007fef84d9000 	C:\Windows\system32\WSOCK32.dll
0x000007fefeb20000 - 0x000007fefeb6d000 	C:\Windows\system32\WS2_32.dll
0x000007fefeea0000 - 0x000007fefeea8000 	C:\Windows\system32\NSI.dll
0x000007fef8860000 - 0x000007fef889b000 	C:\Windows\system32\WINMM.dll
0x000007fefc340000 - 0x000007fefc34c000 	C:\Windows\system32\VERSION.dll
0x00000000775f0000 - 0x00000000775f7000 	C:\Windows\system32\PSAPI.DLL
0x00000000561b0000 - 0x00000000561bf000 	C:\Program Files\Java\jdk1.8.0_60\jre\bin\verify.dll
0x0000000056180000 - 0x00000000561a9000 	C:\Program Files\Java\jdk1.8.0_60\jre\bin\java.dll
0x0000000056160000 - 0x0000000056176000 	C:\Program Files\Java\jdk1.8.0_60\jre\bin\zip.dll
0x000007fefd9d0000 - 0x000007fefe758000 	C:\Windows\system32\SHELL32.dll
0x000007fefe910000 - 0x000007fefeb13000 	C:\Windows\system32\ole32.dll
0x000007fefd210000 - 0x000007fefd21f000 	C:\Windows\system32\profapi.dll
0x000007fef3720000 - 0x000007fef37fe000 	H:\Term 9\bcit-games-term3\SketchWars\lib\native\lwjgl.dll
0x000007fedf9f0000 - 0x000007fedfb0d000 	C:\Windows\system32\OPENGL32.dll
0x000007fef05b0000 - 0x000007fef05dd000 	C:\Windows\system32\GLU32.dll
0x000007fedf8f0000 - 0x000007fedf9e1000 	C:\Windows\system32\DDRAW.dll
0x000007fefa880000 - 0x000007fefa888000 	C:\Windows\system32\DCIMAN32.dll
0x000007fefeca0000 - 0x000007fefee77000 	C:\Windows\system32\SETUPAPI.dll
0x000007fefd3a0000 - 0x000007fefd3d6000 	C:\Windows\system32\CFGMGR32.dll
0x000007fefe830000 - 0x000007fefe907000 	C:\Windows\system32\OLEAUT32.dll
0x000007fefd620000 - 0x000007fefd63a000 	C:\Windows\system32\DEVOBJ.dll
0x000007fefb0c0000 - 0x000007fefb0d8000 	C:\Windows\system32\dwmapi.dll
0x000007fefb980000 - 0x000007fefb9d6000 	C:\Windows\system32\uxtheme.dll
0x000007fef6650000 - 0x000007fef6668000 	C:\Windows\system32\atig6pxx.dll
0x00000000526d0000 - 0x000000005427f000 	C:\Windows\system32\atio6axx.dll
0x000007fefa920000 - 0x000007fefaa57000 	C:\Windows\system32\atiadlxx.dll
0x000007fefb6f0000 - 0x000007fefb81c000 	C:\Windows\system32\PROPSYS.dll
0x000007fefc550000 - 0x000007fefc56e000 	C:\Windows\system32\USERENV.dll
0x000007fefc4d0000 - 0x000007fefc4e1000 	C:\Windows\system32\WTSAPI32.dll
0x000007fef9ba0000 - 0x000007fef9bc7000 	C:\Windows\system32\IPHLPAPI.DLL
0x000007fef9b40000 - 0x000007fef9b4b000 	C:\Windows\system32\WINNSI.DLL
0x000007fefd5e0000 - 0x000007fefd61a000 	C:\Windows\system32\WINTRUST.dll
0x000007fefd3e0000 - 0x000007fefd54c000 	C:\Windows\system32\CRYPT32.dll
0x000007fefd2b0000 - 0x000007fefd2bf000 	C:\Windows\system32\MSASN1.dll
0x000007fedf8c0000 - 0x000007fedf8e9000 	C:\Windows\system32\atig6txx.dll
0x000007fefd100000 - 0x000007fefd10f000 	C:\Windows\system32\CRYPTBASE.dll
0x0000000055f80000 - 0x0000000056118000 	C:\Program Files\Java\jdk1.8.0_60\jre\bin\awt.dll
0x0000000055f30000 - 0x0000000055f77000 	C:\Program Files\Java\jdk1.8.0_60\jre\bin\fontmanager.dll
0x000007fef6e50000 - 0x000007fef704f000 	C:\Windows\system32\d3d9.dll
0x000007fef6e40000 - 0x000007fef6e47000 	C:\Windows\system32\d3d8thk.dll
0x000007fef6160000 - 0x000007fef62ab000 	C:\Windows\system32\aticfx64.dll
0x000007fee13a0000 - 0x000007fee13c1000 	C:\Windows\system32\atiu9p64.dll
0x000007fee0bb0000 - 0x000007fee1395000 	C:\Windows\system32\atiumd64.dll
0x0000000060e50000 - 0x0000000061607000 	C:\Windows\system32\atiumd6a.dll
0x0000000056140000 - 0x000000005615a000 	C:\Program Files\Java\jdk1.8.0_60\jre\bin\net.dll
0x000007fefca40000 - 0x000007fefca95000 	C:\Windows\system32\mswsock.dll
0x000007fefca30000 - 0x000007fefca37000 	C:\Windows\System32\wship6.dll
0x0000000056120000 - 0x0000000056131000 	C:\Program Files\Java\jdk1.8.0_60\jre\bin\nio.dll
0x0000000055ee0000 - 0x0000000055f22000 	C:\Program Files\Java\jdk1.8.0_60\jre\bin\t2k.dll
0x0000000073630000 - 0x0000000073661000 	C:\Program Files\Java\jdk1.8.0_60\jre\bin\jpeg.dll
0x0000000072eb0000 - 0x0000000072eed000 	C:\Program Files\Java\jdk1.8.0_60\jre\bin\lcms.dll
0x000007fef9840000 - 0x000007fef9858000 	C:\Windows\system32\dhcpcsvc.DLL
0x000007fef9760000 - 0x000007fef9771000 	C:\Windows\system32\dhcpcsvc6.DLL
0x000007feef000000 - 0x000007feef125000 	C:\Windows\system32\dbghelp.dll

VM Arguments:
jvm_args: -Dfile.encoding=UTF-8 -Djava.library.path=lib/native 
java_command: sketchwars.SketchWars
java_class_path (initial): H:\Term 9\bcit-games-term3\SketchWars\lib\lwjgl.jar;H:\Term 9\bcit-games-term3\SketchWars\lib\junit-4.12.jar;H:\Term 9\bcit-games-term3\SketchWars\lib\hamcrest-core-1.3.jar;H:\Term 9\bcit-games-term3\SketchWars\lib\joml.jar;H:\Term 9\bcit-games-term3\SketchWars\build\classes
Launcher Type: SUN_STANDARD

Environment Variables:
JAVA_HOME=C:\Program Files\Java\jdk1.7.0_07
CLASSPATH=.;C:\Program Files (x86)\QuickTime\QTSystem\QTJava.zip
PATH=C:\ProgramData\Oracle\Java\javapath;C:\Program Files (x86)\Parallels\Parallels Tools\Applications;C:\Program Files (x86)\AMD APP\bin\x86_64;C:\Program Files (x86)\AMD APP\bin\x86;C:\Windows\system32;C:\Windows;C:\Windows\System32\Wbem;C:\Program Files (x86)\ATI Technologies\ATI.ACE\Core-Static;C:\Program Files (x86)\Common Files\Softimage;C:\Program Files\Common Files\Softimage;C:\Program Files (x86)\Common Files\Autodesk Shared\;C:\Program Files\Common Files\Autodesk Shared\;c:\Program Files (x86)\Microsoft SQL Server\100\Tools\Binn\;c:\Program Files\Microsoft SQL Server\100\Tools\Binn\;c:\Program Files\Microsoft SQL Server\100\DTS\Binn\;C:\Program Files\Java\jdk1.6.0_22\bin;C:\Program Files\Java\jre7\bin;C:\Program Files\Java\jre6\bin;C:\dev\Android\android-sdk\platform-tools;C:\Program Files (x86)\QuickTime\QTSystem\;C:\Windows\System32\WindowsPowerShell\v1.0\;C:\Program Files\TortoiseSVN\bin;C:\Windows\System32\WindowsPowerShell\v1.0\;C:\Program Files (x86)\Windows Kits\8.1\Windows Performance Toolkit\;C:\Program Files\Microsoft SQL Server\110\Tools\Binn\;C:\Program Files\Git\cmd;C:\Program Files\TortoiseGit\bin;C:\MinGWLib\bin;C:\Program Files (x86)\AMD APP SDK\3.0\bin\x86_64;C:\Program Files (x86)\AMD APP SDK\3.0\bin\x86
USERNAME=A00807688
OS=Windows_NT
PROCESSOR_IDENTIFIER=Intel64 Family 6 Model 60 Stepping 3, GenuineIntel



---------------  S Y S T E M  ---------------

OS: Windows 7 , 64 bit Build 7601 (6.1.7601.18015)

CPU:total 8 (4 cores per cpu, 2 threads per core) family 6 model 60 stepping 3, cmov, cx8, fxsr, mmx, sse, sse2, sse3, ssse3, sse4.1, sse4.2, popcnt, avx, avx2, aes, clmul, erms, rtm, lzcnt, ht, tsc, tscinvbit, bmi1, bmi2

Memory: 4k page, physical 16716208k(11170724k free), swap 33430556k(26208932k free)

vm_info: Java HotSpot(TM) 64-Bit Server VM (25.60-b23) for windows-amd64 JRE (1.8.0_60-b27), built on Aug  4 2015 11:06:27 by "java_re" with MS VC++ 10.0 (VS2010)

time: Thu Oct 29 14:14:24 2015
elapsed time: 1 seconds (0d 0h 0m 1s)

